0 info it worked if it ends with ok
1 verbose cli [ '/usr/local/bin/iojs',
1 verbose cli   '/usr/local/bin/npm',
1 verbose cli   'version',
1 verbose cli   'patch' ]
2 info using npm@3.10.10
3 info using node@v6.9.4
4 info git [ 'status', '--porcelain' ]
5 verbose stack Error: Git working directory not clean.
5 verbose stack M node_modules/accepts/package.json
5 verbose stack M node_modules/acorn-globals/node_modules/acorn/package.json
5 verbose stack M node_modules/acorn-globals/package.json
5 verbose stack M node_modules/acorn/package.json
5 verbose stack M node_modules/after/package.json
5 verbose stack M node_modules/align-text/package.json
5 verbose stack M node_modules/amdefine/package.json
5 verbose stack M node_modules/ansi-regex/package.json
5 verbose stack M node_modules/apparatus/package.json
5 verbose stack M node_modules/array-flatten/package.json
5 verbose stack M node_modules/arraybuffer.slice/package.json
5 verbose stack M node_modules/asap/package.json
5 verbose stack M node_modules/assertion-error/package.json
5 verbose stack M node_modules/backo2/package.json
5 verbose stack M node_modules/balanced-match/package.json
5 verbose stack M node_modules/base64-arraybuffer/package.json
5 verbose stack M node_modules/base64id/package.json
5 verbose stack M node_modules/better-assert/package.json
5 verbose stack M node_modules/blob/package.json
5 verbose stack M node_modules/body-parser/node_modules/debug/package.json
5 verbose stack M node_modules/body-parser/package.json
5 verbose stack M node_modules/brace-expansion/package.json
5 verbose stack M node_modules/builtin-modules/package.json
5 verbose stack M node_modules/bytes/package.json
5 verbose stack M node_modules/callsite/package.json
5 verbose stack M node_modules/camelcase/package.json
5 verbose stack M node_modules/center-align/package.json
5 verbose stack M node_modules/chai/package.json
5 verbose stack M node_modules/character-parser/package.json
5 verbose stack M node_modules/clean-css/node_modules/source-map/package.json
5 verbose stack M node_modules/clean-css/package.json
5 verbose stack M node_modules/cliui/package.json
5 verbose stack M node_modules/code-point-at/package.json
5 verbose stack M node_modules/commander/package.json
5 verbose stack M node_modules/component-bind/package.json
5 verbose stack M node_modules/component-emitter/package.json
5 verbose stack M node_modules/component-inherit/package.json
5 verbose stack M node_modules/concat-map/package.json
5 verbose stack M node_modules/constantinople/package.json
5 verbose stack M node_modules/content-disposition/package.json
5 verbose stack M node_modules/content-type/package.json
5 verbose stack M node_modules/cookie-signature/package.json
5 verbose stack M node_modules/cookie/package.json
5 verbose stack M node_modules/css-parse/package.json
5 verbose stack M node_modules/debug/package.json
5 verbose stack M node_modules/decamelize/package.json
5 verbose stack M node_modules/deep-eql/node_modules/type-detect/package.json
5 verbose stack M node_modules/deep-eql/package.json
5 verbose stack M node_modules/depd/package.json
5 verbose stack M node_modules/destroy/package.json
5 verbose stack M node_modules/doctypes/package.json
5 verbose stack M node_modules/double-ended-queue/package.json
5 verbose stack M node_modules/ee-first/package.json
5 verbose stack M node_modules/encodeurl/package.json
5 verbose stack M node_modules/engine.io-client/package.json
5 verbose stack M node_modules/engine.io-parser/package.json
5 verbose stack M node_modules/engine.io/package.json
5 verbose stack M node_modules/error-ex/package.json
5 verbose stack M node_modules/escape-html/package.json
5 verbose stack M node_modules/etag/package.json
5 verbose stack M node_modules/exec/package.json
5 verbose stack M node_modules/express/node_modules/debug/package.json
5 verbose stack M node_modules/express/package.json
5 verbose stack M node_modules/extend/package.json
5 verbose stack M node_modules/finalhandler/node_modules/debug/package.json
5 verbose stack M node_modules/finalhandler/package.json
5 verbose stack M node_modules/find-up/package.json
5 verbose stack M node_modules/forwarded/package.json
5 verbose stack M node_modules/fresh/package.json
5 verbose stack M node_modules/fs.realpath/package.json
5 verbose stack M node_modules/function-bind/package.json
5 verbose stack M node_modules/get-caller-file/package.json
5 verbose stack M node_modules/glob/package.json
5 verbose stack M node_modules/graceful-fs/package.json
5 verbose stack M node_modules/graceful-readlink/package.json
5 verbose stack M node_modules/has-binary/package.json
5 verbose stack M node_modules/has-cors/package.json
5 verbose stack M node_modules/has/package.json
5 verbose stack M node_modules/hosted-git-info/package.json
5 verbose stack M node_modules/http-errors/package.json
5 verbose stack M node_modules/iconv-lite/package.json
5 verbose stack M node_modules/indexof/package.json
5 verbose stack M node_modules/inflight/package.json
5 verbose stack M node_modules/inherits/package.json
5 verbose stack M node_modules/invert-kv/package.json
5 verbose stack M node_modules/ipaddr.js/package.json
5 verbose stack M node_modules/is-arrayish/package.json
5 verbose stack M node_modules/is-buffer/package.json
5 verbose stack M node_modules/is-builtin-module/package.json
5 verbose stack M node_modules/is-expression/package.json
5 verbose stack M node_modules/is-fullwidth-code-point/package.json
5 verbose stack M node_modules/is-promise/package.json
5 verbose stack M node_modules/is-regex/package.json
5 verbose stack M node_modules/is-utf8/package.json
5 verbose stack M node_modules/isarray/package.json
5 verbose stack M node_modules/js-stringify/package.json
5 verbose stack M node_modules/json3/package.json
5 verbose stack M node_modules/jstransformer/package.json
5 verbose stack M node_modules/kind-of/package.json
5 verbose stack M node_modules/kue/package.json
5 verbose stack M node_modules/lazy-cache/package.json
5 verbose stack M node_modules/lcid/package.json
5 verbose stack M node_modules/load-json-file/package.json
5 verbose stack M node_modules/lodash.assign/package.json
5 verbose stack M node_modules/lodash/package.json
5 verbose stack M node_modules/longest/package.json
5 verbose stack M node_modules/lru-cache/package.json
5 verbose stack M node_modules/media-typer/package.json
5 verbose stack M node_modules/merge-descriptors/package.json
5 verbose stack M node_modules/methods/package.json
5 verbose stack M node_modules/mime-db/HISTORY.md
5 verbose stack M node_modules/mime-db/db.json
5 verbose stack M node_modules/mime-db/package.json
5 verbose stack M node_modules/mime-types/HISTORY.md
5 verbose stack M node_modules/mime-types/README.md
5 verbose stack M node_modules/mime-types/index.js
5 verbose stack M node_modules/mime-types/package.json
5 verbose stack M node_modules/mime/package.json
5 verbose stack M node_modules/minimatch/package.json
5 verbose stack M node_modules/minimist/package.json
5 verbose stack M node_modules/mkdirp/package.json
5 verbose stack M node_modules/ms/package.json
5 verbose stack M node_modules/natural/package.json
5 verbose stack M node_modules/negotiator/package.json
5 verbose stack M node_modules/nib/package.json
5 verbose stack M node_modules/node-redis-scripty/package.json
5 verbose stack M node_modules/node-redis-warlock/package.json
5 verbose stack M node_modules/normalize-package-data/package.json
5 verbose stack M node_modules/number-is-nan/package.json
5 verbose stack M node_modules/object-assign/package.json
5 verbose stack M node_modules/object-component/package.json
5 verbose stack M node_modules/on-finished/package.json
5 verbose stack M node_modules/once/package.json
5 verbose stack M node_modules/options/package.json
5 verbose stack M node_modules/os-locale/package.json
5 verbose stack M node_modules/parse-json/package.json
5 verbose stack M node_modules/parsejson/package.json
5 verbose stack M node_modules/parseqs/package.json
5 verbose stack M node_modules/parseuri/package.json
5 verbose stack M node_modules/parseurl/package.json
5 verbose stack M node_modules/path-exists/package.json
5 verbose stack M node_modules/path-is-absolute/package.json
5 verbose stack M node_modules/path-parse/package.json
5 verbose stack M node_modules/path-to-regexp/package.json
5 verbose stack M node_modules/path-type/package.json
5 verbose stack M node_modules/pify/package.json
5 verbose stack M node_modules/pinkie-promise/package.json
5 verbose stack M node_modules/pinkie/package.json
5 verbose stack M node_modules/promise/package.json
5 verbose stack M node_modules/proxy-addr/package.json
5 verbose stack M node_modules/pug-attrs/package.json
5 verbose stack M node_modules/pug-code-gen/package.json
5 verbose stack M node_modules/pug-error/package.json
5 verbose stack M node_modules/pug-filters/package.json
5 verbose stack M node_modules/pug-lexer/node_modules/acorn/package.json
5 verbose stack M node_modules/pug-lexer/node_modules/is-expression/package.json
5 verbose stack M node_modules/pug-lexer/package.json
5 verbose stack M node_modules/pug-linker/package.json
5 verbose stack M node_modules/pug-load/package.json
5 verbose stack M node_modules/pug-parser/package.json
5 verbose stack M node_modules/pug-runtime/package.json
5 verbose stack M node_modules/pug-strip-comments/package.json
5 verbose stack M node_modules/pug-walk/package.json
5 verbose stack M node_modules/pug/package.json
5 verbose stack M node_modules/qs/package.json
5 verbose stack M node_modules/range-parser/package.json
5 verbose stack M node_modules/raw-body/package.json
5 verbose stack M node_modules/read-pkg-up/package.json
5 verbose stack M node_modules/read-pkg/package.json
5 verbose stack M node_modules/redis-commands/package.json
5 verbose stack M node_modules/redis-parser/package.json
5 verbose stack M node_modules/redis/package.json
5 verbose stack M node_modules/reds/node_modules/redis/package.json
5 verbose stack M node_modules/reds/package.json
5 verbose stack M node_modules/repeat-string/package.json
5 verbose stack M node_modules/require-directory/package.json
5 verbose stack M node_modules/require-main-filename/package.json
5 verbose stack M node_modules/resolve/package.json
5 verbose stack M node_modules/right-align/package.json
5 verbose stack M node_modules/sax/package.json
5 verbose stack M node_modules/say.js/package.json
5 verbose stack M node_modules/semver/package.json
5 verbose stack M node_modules/send/node_modules/debug/package.json
5 verbose stack M node_modules/send/package.json
5 verbose stack M node_modules/serve-static/package.json
5 verbose stack M node_modules/set-blocking/package.json
5 verbose stack M node_modules/setprototypeof/package.json
5 verbose stack M node_modules/socket.io-adapter/package.json
5 verbose stack M node_modules/socket.io-client/package.json
5 verbose stack M node_modules/socket.io-parser/node_modules/component-emitter/package.json
5 verbose stack M node_modules/socket.io-parser/node_modules/debug/package.json
5 verbose stack M node_modules/socket.io-parser/node_modules/ms/package.json
5 verbose stack M node_modules/socket.io-parser/package.json
5 verbose stack M node_modules/socket.io/node_modules/object-assign/package.json
5 verbose stack M node_modules/socket.io/package.json
5 verbose stack M node_modules/source-map/package.json
5 verbose stack M node_modules/spdx-correct/package.json
5 verbose stack M node_modules/spdx-expression-parse/package.json
5 verbose stack M node_modules/spdx-license-ids/package.json
5 verbose stack M node_modules/statuses/package.json
5 verbose stack M node_modules/string-width/package.json
5 verbose stack M node_modules/strip-ansi/package.json
5 verbose stack M node_modules/strip-bom/package.json
5 verbose stack M node_modules/stylus/package.json
5 verbose stack M node_modules/sylvester/package.json
5 verbose stack M node_modules/to-array/package.json
5 verbose stack M node_modules/token-stream/package.json
5 verbose stack M node_modules/type-detect/package.json
5 verbose stack M node_modules/type-is/package.json
5 verbose stack M node_modules/uglify-js/node_modules/source-map/package.json
5 verbose stack M node_modules/uglify-js/node_modules/yargs/package.json
5 verbose stack M node_modules/uglify-js/package.json
5 verbose stack M node_modules/uglify-to-browserify/package.json
5 verbose stack M node_modules/ultron/package.json
5 verbose stack M node_modules/underscore/package.json
5 verbose stack M node_modules/unpipe/package.json
5 verbose stack M node_modules/util/node_modules/inherits/package.json
5 verbose stack M node_modules/util/package.json
5 verbose stack M node_modules/utils-merge/package.json
5 verbose stack M node_modules/uuid/package.json
5 verbose stack M node_modules/validate-npm-package-license/package.json
5 verbose stack M node_modules/vary/package.json
5 verbose stack M node_modules/void-elements/.gitattributes
5 verbose stack M node_modules/void-elements/.npmignore
5 verbose stack M node_modules/void-elements/.travis.yml
5 verbose stack M node_modules/void-elements/LICENSE
5 verbose stack M node_modules/void-elements/README.md
5 verbose stack M node_modules/void-elements/package.json
5 verbose stack M node_modules/void-elements/pre-publish.js
5 verbose stack M node_modules/void-elements/test/index.js
5 verbose stack M node_modules/which-module/package.json
5 verbose stack M node_modules/window-size/package.json
5 verbose stack M node_modules/with/package.json
5 verbose stack M node_modules/wordwrap/package.json
5 verbose stack M node_modules/wrap-ansi/package.json
5 verbose stack M node_modules/wrappy/package.json
5 verbose stack M node_modules/ws/package.json
5 verbose stack M node_modules/wtf-8/package.json
5 verbose stack M node_modules/xmlhttprequest-ssl/package.json
5 verbose stack M node_modules/y18n/package.json
5 verbose stack M node_modules/yargs-parser/node_modules/camelcase/package.json
5 verbose stack M node_modules/yargs-parser/package.json
5 verbose stack M node_modules/yargs/node_modules/cliui/package.json
5 verbose stack M node_modules/yargs/node_modules/window-size/package.json
5 verbose stack M node_modules/yargs/package.json
5 verbose stack M node_modules/yeast/package.json
5 verbose stack D npm-debug.log
5 verbose stack M package.json
5 verbose stack     at /usr/local/lib/node_modules/npm/lib/version.js:247:19
5 verbose stack     at /usr/local/lib/node_modules/npm/lib/utils/no-progress-while-running.js:21:8
5 verbose stack     at ChildProcess.exithandler (child_process.js:197:7)
5 verbose stack     at emitTwo (events.js:106:13)
5 verbose stack     at ChildProcess.emit (events.js:191:7)
5 verbose stack     at maybeClose (internal/child_process.js:877:16)
5 verbose stack     at Socket.<anonymous> (internal/child_process.js:334:11)
5 verbose stack     at emitOne (events.js:96:13)
5 verbose stack     at Socket.emit (events.js:188:7)
5 verbose stack     at Pipe._handle.close [as _onclose] (net.js:498:12)
6 verbose cwd /Users/danieloquinn/package_development/experimental/plotql
7 error Darwin 16.4.0
8 error argv "/usr/local/bin/iojs" "/usr/local/bin/npm" "version" "patch"
9 error node v6.9.4
10 error npm  v3.10.10
11 error Git working directory not clean.
11 error M node_modules/accepts/package.json
11 error M node_modules/acorn-globals/node_modules/acorn/package.json
11 error M node_modules/acorn-globals/package.json
11 error M node_modules/acorn/package.json
11 error M node_modules/after/package.json
11 error M node_modules/align-text/package.json
11 error M node_modules/amdefine/package.json
11 error M node_modules/ansi-regex/package.json
11 error M node_modules/apparatus/package.json
11 error M node_modules/array-flatten/package.json
11 error M node_modules/arraybuffer.slice/package.json
11 error M node_modules/asap/package.json
11 error M node_modules/assertion-error/package.json
11 error M node_modules/backo2/package.json
11 error M node_modules/balanced-match/package.json
11 error M node_modules/base64-arraybuffer/package.json
11 error M node_modules/base64id/package.json
11 error M node_modules/better-assert/package.json
11 error M node_modules/blob/package.json
11 error M node_modules/body-parser/node_modules/debug/package.json
11 error M node_modules/body-parser/package.json
11 error M node_modules/brace-expansion/package.json
11 error M node_modules/builtin-modules/package.json
11 error M node_modules/bytes/package.json
11 error M node_modules/callsite/package.json
11 error M node_modules/camelcase/package.json
11 error M node_modules/center-align/package.json
11 error M node_modules/chai/package.json
11 error M node_modules/character-parser/package.json
11 error M node_modules/clean-css/node_modules/source-map/package.json
11 error M node_modules/clean-css/package.json
11 error M node_modules/cliui/package.json
11 error M node_modules/code-point-at/package.json
11 error M node_modules/commander/package.json
11 error M node_modules/component-bind/package.json
11 error M node_modules/component-emitter/package.json
11 error M node_modules/component-inherit/package.json
11 error M node_modules/concat-map/package.json
11 error M node_modules/constantinople/package.json
11 error M node_modules/content-disposition/package.json
11 error M node_modules/content-type/package.json
11 error M node_modules/cookie-signature/package.json
11 error M node_modules/cookie/package.json
11 error M node_modules/css-parse/package.json
11 error M node_modules/debug/package.json
11 error M node_modules/decamelize/package.json
11 error M node_modules/deep-eql/node_modules/type-detect/package.json
11 error M node_modules/deep-eql/package.json
11 error M node_modules/depd/package.json
11 error M node_modules/destroy/package.json
11 error M node_modules/doctypes/package.json
11 error M node_modules/double-ended-queue/package.json
11 error M node_modules/ee-first/package.json
11 error M node_modules/encodeurl/package.json
11 error M node_modules/engine.io-client/package.json
11 error M node_modules/engine.io-parser/package.json
11 error M node_modules/engine.io/package.json
11 error M node_modules/error-ex/package.json
11 error M node_modules/escape-html/package.json
11 error M node_modules/etag/package.json
11 error M node_modules/exec/package.json
11 error M node_modules/express/node_modules/debug/package.json
11 error M node_modules/express/package.json
11 error M node_modules/extend/package.json
11 error M node_modules/finalhandler/node_modules/debug/package.json
11 error M node_modules/finalhandler/package.json
11 error M node_modules/find-up/package.json
11 error M node_modules/forwarded/package.json
11 error M node_modules/fresh/package.json
11 error M node_modules/fs.realpath/package.json
11 error M node_modules/function-bind/package.json
11 error M node_modules/get-caller-file/package.json
11 error M node_modules/glob/package.json
11 error M node_modules/graceful-fs/package.json
11 error M node_modules/graceful-readlink/package.json
11 error M node_modules/has-binary/package.json
11 error M node_modules/has-cors/package.json
11 error M node_modules/has/package.json
11 error M node_modules/hosted-git-info/package.json
11 error M node_modules/http-errors/package.json
11 error M node_modules/iconv-lite/package.json
11 error M node_modules/indexof/package.json
11 error M node_modules/inflight/package.json
11 error M node_modules/inherits/package.json
11 error M node_modules/invert-kv/package.json
11 error M node_modules/ipaddr.js/package.json
11 error M node_modules/is-arrayish/package.json
11 error M node_modules/is-buffer/package.json
11 error M node_modules/is-builtin-module/package.json
11 error M node_modules/is-expression/package.json
11 error M node_modules/is-fullwidth-code-point/package.json
11 error M node_modules/is-promise/package.json
11 error M node_modules/is-regex/package.json
11 error M node_modules/is-utf8/package.json
11 error M node_modules/isarray/package.json
11 error M node_modules/js-stringify/package.json
11 error M node_modules/json3/package.json
11 error M node_modules/jstransformer/package.json
11 error M node_modules/kind-of/package.json
11 error M node_modules/kue/package.json
11 error M node_modules/lazy-cache/package.json
11 error M node_modules/lcid/package.json
11 error M node_modules/load-json-file/package.json
11 error M node_modules/lodash.assign/package.json
11 error M node_modules/lodash/package.json
11 error M node_modules/longest/package.json
11 error M node_modules/lru-cache/package.json
11 error M node_modules/media-typer/package.json
11 error M node_modules/merge-descriptors/package.json
11 error M node_modules/methods/package.json
11 error M node_modules/mime-db/HISTORY.md
11 error M node_modules/mime-db/db.json
11 error M node_modules/mime-db/package.json
11 error M node_modules/mime-types/HISTORY.md
11 error M node_modules/mime-types/README.md
11 error M node_modules/mime-types/index.js
11 error M node_modules/mime-types/package.json
11 error M node_modules/mime/package.json
11 error M node_modules/minimatch/package.json
11 error M node_modules/minimist/package.json
11 error M node_modules/mkdirp/package.json
11 error M node_modules/ms/package.json
11 error M node_modules/natural/package.json
11 error M node_modules/negotiator/package.json
11 error M node_modules/nib/package.json
11 error M node_modules/node-redis-scripty/package.json
11 error M node_modules/node-redis-warlock/package.json
11 error M node_modules/normalize-package-data/package.json
11 error M node_modules/number-is-nan/package.json
11 error M node_modules/object-assign/package.json
11 error M node_modules/object-component/package.json
11 error M node_modules/on-finished/package.json
11 error M node_modules/once/package.json
11 error M node_modules/options/package.json
11 error M node_modules/os-locale/package.json
11 error M node_modules/parse-json/package.json
11 error M node_modules/parsejson/package.json
11 error M node_modules/parseqs/package.json
11 error M node_modules/parseuri/package.json
11 error M node_modules/parseurl/package.json
11 error M node_modules/path-exists/package.json
11 error M node_modules/path-is-absolute/package.json
11 error M node_modules/path-parse/package.json
11 error M node_modules/path-to-regexp/package.json
11 error M node_modules/path-type/package.json
11 error M node_modules/pify/package.json
11 error M node_modules/pinkie-promise/package.json
11 error M node_modules/pinkie/package.json
11 error M node_modules/promise/package.json
11 error M node_modules/proxy-addr/package.json
11 error M node_modules/pug-attrs/package.json
11 error M node_modules/pug-code-gen/package.json
11 error M node_modules/pug-error/package.json
11 error M node_modules/pug-filters/package.json
11 error M node_modules/pug-lexer/node_modules/acorn/package.json
11 error M node_modules/pug-lexer/node_modules/is-expression/package.json
11 error M node_modules/pug-lexer/package.json
11 error M node_modules/pug-linker/package.json
11 error M node_modules/pug-load/package.json
11 error M node_modules/pug-parser/package.json
11 error M node_modules/pug-runtime/package.json
11 error M node_modules/pug-strip-comments/package.json
11 error M node_modules/pug-walk/package.json
11 error M node_modules/pug/package.json
11 error M node_modules/qs/package.json
11 error M node_modules/range-parser/package.json
11 error M node_modules/raw-body/package.json
11 error M node_modules/read-pkg-up/package.json
11 error M node_modules/read-pkg/package.json
11 error M node_modules/redis-commands/package.json
11 error M node_modules/redis-parser/package.json
11 error M node_modules/redis/package.json
11 error M node_modules/reds/node_modules/redis/package.json
11 error M node_modules/reds/package.json
11 error M node_modules/repeat-string/package.json
11 error M node_modules/require-directory/package.json
11 error M node_modules/require-main-filename/package.json
11 error M node_modules/resolve/package.json
11 error M node_modules/right-align/package.json
11 error M node_modules/sax/package.json
11 error M node_modules/say.js/package.json
11 error M node_modules/semver/package.json
11 error M node_modules/send/node_modules/debug/package.json
11 error M node_modules/send/package.json
11 error M node_modules/serve-static/package.json
11 error M node_modules/set-blocking/package.json
11 error M node_modules/setprototypeof/package.json
11 error M node_modules/socket.io-adapter/package.json
11 error M node_modules/socket.io-client/package.json
11 error M node_modules/socket.io-parser/node_modules/component-emitter/package.json
11 error M node_modules/socket.io-parser/node_modules/debug/package.json
11 error M node_modules/socket.io-parser/node_modules/ms/package.json
11 error M node_modules/socket.io-parser/package.json
11 error M node_modules/socket.io/node_modules/object-assign/package.json
11 error M node_modules/socket.io/package.json
11 error M node_modules/source-map/package.json
11 error M node_modules/spdx-correct/package.json
11 error M node_modules/spdx-expression-parse/package.json
11 error M node_modules/spdx-license-ids/package.json
11 error M node_modules/statuses/package.json
11 error M node_modules/string-width/package.json
11 error M node_modules/strip-ansi/package.json
11 error M node_modules/strip-bom/package.json
11 error M node_modules/stylus/package.json
11 error M node_modules/sylvester/package.json
11 error M node_modules/to-array/package.json
11 error M node_modules/token-stream/package.json
11 error M node_modules/type-detect/package.json
11 error M node_modules/type-is/package.json
11 error M node_modules/uglify-js/node_modules/source-map/package.json
11 error M node_modules/uglify-js/node_modules/yargs/package.json
11 error M node_modules/uglify-js/package.json
11 error M node_modules/uglify-to-browserify/package.json
11 error M node_modules/ultron/package.json
11 error M node_modules/underscore/package.json
11 error M node_modules/unpipe/package.json
11 error M node_modules/util/node_modules/inherits/package.json
11 error M node_modules/util/package.json
11 error M node_modules/utils-merge/package.json
11 error M node_modules/uuid/package.json
11 error M node_modules/validate-npm-package-license/package.json
11 error M node_modules/vary/package.json
11 error M node_modules/void-elements/.gitattributes
11 error M node_modules/void-elements/.npmignore
11 error M node_modules/void-elements/.travis.yml
11 error M node_modules/void-elements/LICENSE
11 error M node_modules/void-elements/README.md
11 error M node_modules/void-elements/package.json
11 error M node_modules/void-elements/pre-publish.js
11 error M node_modules/void-elements/test/index.js
11 error M node_modules/which-module/package.json
11 error M node_modules/window-size/package.json
11 error M node_modules/with/package.json
11 error M node_modules/wordwrap/package.json
11 error M node_modules/wrap-ansi/package.json
11 error M node_modules/wrappy/package.json
11 error M node_modules/ws/package.json
11 error M node_modules/wtf-8/package.json
11 error M node_modules/xmlhttprequest-ssl/package.json
11 error M node_modules/y18n/package.json
11 error M node_modules/yargs-parser/node_modules/camelcase/package.json
11 error M node_modules/yargs-parser/package.json
11 error M node_modules/yargs/node_modules/cliui/package.json
11 error M node_modules/yargs/node_modules/window-size/package.json
11 error M node_modules/yargs/package.json
11 error M node_modules/yeast/package.json
11 error D npm-debug.log
11 error M package.json
12 error If you need help, you may report this error at:
12 error     <https://github.com/npm/npm/issues>
13 verbose exit [ 1, true ]
